<?xml version="1.0" encoding="UTF-8"?>
<!-- Generated by org.testng.reporters.JUnitReportReporter -->
<testsuite hostname="localhost" name="info.cukes.cucumber_jvm.SauceTest" tests="1" failures="0" timestamp="11 Aug 2017 00:24:01 GMT" time="16.127" errors="0">
  <testcase name="userinputs" time="16.127" classname="info.cukes.cucumber_jvm.SauceTest"/>
</testsuite> <!-- info.cukes.cucumber_jvm.SauceTest -->
