<?xml version="1.0" encoding="UTF-8"?>
<!-- Generated by org.testng.reporters.JUnitReportReporter -->
<testsuite hostname="localhost" name="info.cukes.cucumber_jvm.RunCukesTest" tests="1" failures="0" timestamp="11 Aug 2017 00:24:01 GMT" time="14.025" errors="0">
  <testcase name="feature" time="14.025" classname="info.cukes.cucumber_jvm.RunCukesTest"/>
</testsuite> <!-- info.cukes.cucumber_jvm.RunCukesTest -->
